This is pdfTeX, Version 3.141592653-2.6-1.40.25 (MiKTeX 23.10) (preloaded format=latex 2024.1.16)  21 JAN 2024 00:29
entering extended mode
 restricted \write18 enabled.
 %&-line parsing enabled.
**\makeatletter\def\HCode{\futurelet\HCode\HChar}\def\HChar{\ifx\HCode\def\HCod
e##1{\Link##1}\expandafter\HCode\else\expandafter\Link\fi}\def\Link#1.a.b.c.{\g
@addto@macro\@documentclasshook{\RequirePackage[#1,html]{tex4ht}}\let\HCode\doc
umentstyle\def\documentstyle{\let\documentstyle\HCode\expandafter\def\csname te
x4ht\endcsname{#1,html}\def\HCode####1{\documentstyle[tex4ht,}\@ifnextchar[{\HC
ode}{\documentstyle[tex4ht]}}}\makeatother\HCode .a.b.c.\input  Working_Doc.tex

(Working_Doc.tex
(C:\Users\busin\AppData\Local\Programs\MiKTeX\tex/latex/base\article.cls
Document Class: article 2023/05/17 v1.4n Standard LaTeX document class
(C:\Users\busin\AppData\Local\Programs\MiKTeX\tex/latex/base\size12.clo
File: size12.clo 2023/05/17 v1.4n Standard LaTeX file (size option)
)
\c@part=\count185
\c@section=\count186
\c@subsection=\count187
\c@subsubsection=\count188
\c@paragraph=\count189
\c@subparagraph=\count190
\c@figure=\count191
\c@table=\count192
\abovecaptionskip=\skip48
\belowcaptionskip=\skip49
\bibindent=\dimen140
)
(C:\Users\busin\AppData\Local\Programs\MiKTeX\tex/generic/tex4ht\tex4ht.sty
version 2021-09-14-14:11
Package: tex4ht 
--------------------------------------
--- Note --- for _ at preamble, use the command line option `early_'
--------------------------------------
--------------------------------------
--- Note --- for ^ at preamble, use the command line option `early^'
--------------------------------------
\tmp:toks=\toks17
)
(C:\Users\busin\AppData\Local\Programs\MiKTeX\tex/generic/tex4ht\usepackage.4ht
version 2022-02-19-13:30
) (C:\Users\busin\AppData\Local\Programs\MiKTeX\tex/latex/listings\listings.sty
(C:\Users\busin\AppData\Local\Programs\MiKTeX\tex/latex/graphics\keyval.sty
Package: keyval 2022/05/29 v1.15 key=value parser (DPC)
\KV@toks@=\toks18
)
\lst@mode=\count193
\lst@gtempboxa=\box51
\lst@token=\toks19
\lst@length=\count194
\lst@currlwidth=\dimen141
\lst@column=\count195
\lst@pos=\count196
\lst@lostspace=\dimen142
\lst@width=\dimen143
\lst@newlines=\count197
\lst@lineno=\count198
\lst@maxwidth=\dimen144

(C:\Users\busin\AppData\Local\Programs\MiKTeX\tex/latex/listings\lstmisc.sty
File: lstmisc.sty 2023/02/27 1.9 (Carsten Heinz)
\c@lstnumber=\count199
\lst@skipnumbers=\count266
\lst@framebox=\box52
)
(C:\Users\busin\AppData\Local\Programs\MiKTeX\tex/latex/listings\listings.cfg
File: listings.cfg 2023/02/27 1.9 listings configuration
))
Package: listings 2023/02/27 1.9 (Carsten Heinz)

(C:\Users\busin\AppData\Local\Programs\MiKTeX\tex/latex/underscore\underscore.s
ty
Package: underscore 2006/09/13
LaTeX Info: Redefining \_ on input line 42.
) (C:\Users\busin\AppData\Local\Programs\MiKTeX\tex/latex/tools\array.sty
Package: array 2022/09/04 v2.5g Tabular extension package (FMi)
\col@sep=\dimen145
\ar@mcellbox=\box53
\extrarowheight=\dimen146
\NC@list=\toks20
\extratabsurround=\skip50
\backup@length=\skip51
\ar@cellbox=\box54
)
(C:\Users\busin\AppData\Local\Programs\MiKTeX\tex/latex/graphics\graphicx.sty
Package: graphicx 2021/09/16 v1.2d Enhanced LaTeX Graphics (DPC,SPQR)

(C:\Users\busin\AppData\Local\Programs\MiKTeX\tex/generic/tex4ht\graphics-hooks
.4ht
version 2020-10-17-13:53
)
(C:\Users\busin\AppData\Local\Programs\MiKTeX\tex/latex/graphics\graphics.sty
Package: graphics 2022/03/10 v1.4e Standard LaTeX Graphics (DPC,SPQR)

(C:\Users\busin\AppData\Local\Programs\MiKTeX\tex/latex/graphics\trig.sty
Package: trig 2021/08/11 v1.11 sin cos tan (DPC)
)
(C:\Users\busin\AppData\Local\Programs\MiKTeX\tex/latex/graphics-cfg\graphics.c
fg
File: graphics.cfg 2016/06/04 v1.11 sample graphics configuration
)
Package graphics Info: Driver file: dvips.def on input line 107.

(C:\Users\busin\AppData\Local\Programs\MiKTeX\tex/latex/graphics-def\dvips.def
File: dvips.def 2022/09/22 v3.1e Graphics/color driver for dvips
))
\Gin@req@height=\dimen147
\Gin@req@width=\dimen148
)
(C:\Users\busin\AppData\Local\Programs\MiKTeX\tex/latex/geometry\geometry.sty
Package: geometry 2020/01/02 v5.9 Page Geometry

(C:\Users\busin\AppData\Local\Programs\MiKTeX\tex/generic/iftex\ifvtex.sty
Package: ifvtex 2019/10/25 v1.7 ifvtex legacy package. Use iftex instead.

(C:\Users\busin\AppData\Local\Programs\MiKTeX\tex/generic/iftex\iftex.sty
Package: iftex 2022/02/03 v1.0f TeX engine tests
))
\Gm@cnth=\count267
\Gm@cntv=\count268
\c@Gm@tempcnt=\count269
\Gm@bindingoffset=\dimen149
\Gm@wd@mp=\dimen150
\Gm@odd@mp=\dimen151
\Gm@even@mp=\dimen152
\Gm@layoutwidth=\dimen153
\Gm@layoutheight=\dimen154
\Gm@layouthoffset=\dimen155
\Gm@layoutvoffset=\dimen156
\Gm@dimlist=\toks21

(C:\Users\busin\AppData\Local\Programs\MiKTeX\tex/latex/geometry\geometry.cfg))
(C:\Users\busin\AppData\Local\Programs\MiKTeX\tex/latex/multirow\multirow.sty
Package: multirow 2021/03/15 v2.8 Span multiple rows of a table
\multirow@colwidth=\skip52
\multirow@cntb=\count270
\multirow@dima=\skip53
\bigstrutjot=\dimen157
)
(C:\Users\busin\AppData\Local\Programs\MiKTeX\tex/generic/tex4ht\hyperref-hooks
.4ht
version 2022-02-22-13:25
)
(C:\Users\busin\AppData\Local\Programs\MiKTeX\tex/latex/hyperref\hyperref.sty
Package: hyperref 2023-07-08 v7.01b Hypertext links for LaTeX

(C:\Users\busin\AppData\Local\Programs\MiKTeX\tex/generic/ltxcmds\ltxcmds.sty
Package: ltxcmds 2023-12-04 v1.26 LaTeX kernel commands for general use (HO)
)
(C:\Users\busin\AppData\Local\Programs\MiKTeX\tex/generic/pdftexcmds\pdftexcmds
.sty
Package: pdftexcmds 2020-06-27 v0.33 Utility functions of pdfTeX for LuaTeX (HO
)

(C:\Users\busin\AppData\Local\Programs\MiKTeX\tex/generic/infwarerr\infwarerr.s
ty
Package: infwarerr 2019/12/03 v1.5 Providing info/warning/error messages (HO)
)
Package pdftexcmds Info: \pdf@primitive is available.
Package pdftexcmds Info: \pdf@ifprimitive is available.
Package pdftexcmds Info: \pdfdraftmode is ignored in DVI mode.
)
(C:\Users\busin\AppData\Local\Programs\MiKTeX\tex/latex/kvsetkeys\kvsetkeys.sty
Package: kvsetkeys 2022-10-05 v1.19 Key value parser (HO)
)
(C:\Users\busin\AppData\Local\Programs\MiKTeX\tex/generic/kvdefinekeys\kvdefine
keys.sty
Package: kvdefinekeys 2019-12-19 v1.6 Define keys (HO)
)
(C:\Users\busin\AppData\Local\Programs\MiKTeX\tex/generic/pdfescape\pdfescape.s
ty
Package: pdfescape 2019/12/09 v1.15 Implements pdfTeX's escape features (HO)
) (C:\Users\busin\AppData\Local\Programs\MiKTeX\tex/latex/hycolor\hycolor.sty
Package: hycolor 2020-01-27 v1.10 Color options for hyperref/bookmark (HO)
)
(C:\Users\busin\AppData\Local\Programs\MiKTeX\tex/latex/letltxmacro\letltxmacro
.sty
Package: letltxmacro 2019/12/03 v1.6 Let assignment for LaTeX macros (HO)
)
(C:\Users\busin\AppData\Local\Programs\MiKTeX\tex/latex/auxhook\auxhook.sty
Package: auxhook 2019-12-17 v1.6 Hooks for auxiliary files (HO)


Package auxhook Warning: Cannot patch \document,
(auxhook)                using \AtBeginDocument instead.

) (C:\Users\busin\AppData\Local\Programs\MiKTeX\tex/latex/hyperref\nameref.sty
Package: nameref 2023-08-07 v2.53 Cross-referencing by name of section

(C:\Users\busin\AppData\Local\Programs\MiKTeX\tex/latex/refcount\refcount.sty
Package: refcount 2019/12/15 v3.6 Data extraction from label references (HO)
)
(C:\Users\busin\AppData\Local\Programs\MiKTeX\tex/generic/gettitlestring\gettit
lestring.sty
Package: gettitlestring 2019/12/15 v1.6 Cleanup title references (HO)

(C:\Users\busin\AppData\Local\Programs\MiKTeX\tex/latex/kvoptions\kvoptions.sty
Package: kvoptions 2022-06-15 v3.15 Key value format for package options (HO)
))
\c@section@level=\count271
)
(C:\Users\busin\AppData\Local\Programs\MiKTeX\tex/latex/etoolbox\etoolbox.sty
Package: etoolbox 2020/10/05 v2.5k e-TeX tools for LaTeX (JAW)
\etb@tempcnta=\count272
)
\@linkdim=\dimen158
\Hy@linkcounter=\count273
\Hy@pagecounter=\count274

(C:\Users\busin\AppData\Local\Programs\MiKTeX\tex/latex/hyperref\pd1enc.def
File: pd1enc.def 2023-07-08 v7.01b Hyperref: PDFDocEncoding definition (HO)
Now handling font encoding PD1 ...
... no UTF-8 mapping file for font encoding PD1
)
(C:\Users\busin\AppData\Local\Programs\MiKTeX\tex/generic/intcalc\intcalc.sty
Package: intcalc 2019/12/15 v1.3 Expandable calculations with integers (HO)
)
\Hy@SavedSpaceFactor=\count275

(C:\Users\busin\AppData\Local\Programs\MiKTeX\tex/latex/hyperref\puenc.def
File: puenc.def 2023-07-08 v7.01b Hyperref: PDF Unicode definition (HO)
Now handling font encoding PU ...
... no UTF-8 mapping file for font encoding PU
)
Package hyperref Info: Option `colorlinks' set `true' on input line 4050.
Package hyperref Info: Option `bookmarks' set `true' on input line 4050.
Package hyperref Info: Hyper figures OFF on input line 4167.
Package hyperref Info: Link nesting OFF on input line 4172.
Package hyperref Info: Hyper index ON on input line 4175.
Package hyperref Info: Plain pages OFF on input line 4182.
Package hyperref Info: Backreferencing OFF on input line 4187.
Package hyperref Info: Implicit mode ON; LaTeX internals redefined.
Package hyperref Info: Bookmarks ON on input line 4434.
\c@Hy@tempcnt=\count276

(C:\Users\busin\AppData\Local\Programs\MiKTeX\tex/latex/url\url.sty
\Urlmuskip=\muskip16
Package: url 2013/09/16  ver 3.4  Verb mode for urls, etc.
)
LaTeX Info: Redefining \url on input line 4772.
\XeTeXLinkMargin=\dimen159

(C:\Users\busin\AppData\Local\Programs\MiKTeX\tex/generic/bitset\bitset.sty
Package: bitset 2019/12/09 v1.3 Handle bit-vector datatype (HO)

(C:\Users\busin\AppData\Local\Programs\MiKTeX\tex/generic/bigintcalc\bigintcalc
.sty
Package: bigintcalc 2019/12/15 v1.5 Expandable calculations on big integers (HO
)
))
\Fld@menulength=\count277
\Field@Width=\dimen160
\Fld@charsize=\dimen161
\Field@toks=\toks22
Package hyperref Info: Hyper figures OFF on input line 6051.
Package hyperref Info: Link nesting OFF on input line 6056.
Package hyperref Info: Hyper index ON on input line 6059.
Package hyperref Info: backreferencing OFF on input line 6066.
Package hyperref Info: Link coloring ON on input line 6069.
Package hyperref Info: Link coloring with OCG OFF on input line 6076.
Package hyperref Info: PDF/A mode OFF on input line 6081.

(C:\Users\busin\AppData\Local\Programs\MiKTeX\tex/latex/base\atbegshi-ltx.sty
Package: atbegshi-ltx 2021/01/10 v1.0c Emulation of the original atbegshi
package with kernel methods
)
\Hy@abspage=\count278


Package hyperref Message: Stopped early.

)
Package hyperref Info: Driver: htex4ht.
 (C:\Users\busin\AppData\Local\Programs\MiKTeX\tex/latex/hyperref\htex4ht.def
File: htex4ht.def 2023-07-08 v7.01b Hyperref driver for TeX4ht
Package hyperref Info: tex4ht is already loaded.
) (C:\Users\busin\AppData\Local\Programs\MiKTeX\tex/latex/base\inputenc.sty
Package: inputenc 2021/02/14 v1.3d Input encoding file
\inpenc@prehook=\toks23
\inpenc@posthook=\toks24
)
(C:\Users\busin\AppData\Local\Programs\MiKTeX\tex/generic/babel\babel.sty
Package: babel 2023/09/29 v3.95 The Babel package
\babel@savecnt=\count279
\U@D=\dimen162
\l@unhyphenated=\language79

(C:\Users\busin\AppData\Local\Programs\MiKTeX\tex/generic/babel\txtbabel.def)
\bbl@readstream=\read2
\bbl@dirlevel=\count280

*************************************
* Local config file bblopts.cfg used
*
(C:\Users\busin\AppData\Local\Programs\MiKTeX\tex/latex/arabi\bblopts.cfg
File: bblopts.cfg 2005/09/08 v0.1 add Arabic and Farsi to "declared" options of
 babel
)
(C:\Users\busin\AppData\Local\Programs\MiKTeX\tex/latex/babel-english\english.l
df
Language: english 2017/06/06 v3.3r English support from the babel system
Package babel Info: Hyphen rules for 'canadian' set to \l@english
(babel)             (\language0). Reported on input line 102.
Package babel Info: Hyphen rules for 'australian' set to \l@ukenglish
(babel)             (\language73). Reported on input line 105.
Package babel Info: Hyphen rules for 'newzealand' set to \l@ukenglish
(babel)             (\language73). Reported on input line 108.
))
(C:\Users\busin\AppData\Local\Programs\MiKTeX\tex/generic/babel/locale/en\babel
-english.tex
Package babel Info: Importing font and identification data for english
(babel)             from babel-en.ini. Reported on input line 11.
)
(C:\Users\busin\AppData\Local\Programs\MiKTeX\tex/latex/float\float.sty
Package: float 2001/11/08 v1.3d Float enhancements (AL)
\c@float@type=\count281
\float@exts=\toks25
\float@box=\box55
\@float@everytoks=\toks26
\@floatcapt=\box56
)
(C:\Users\busin\AppData\Local\Programs\MiKTeX\tex/latex/tools\longtable.sty
Package: longtable 2021-09-01 v4.17 Multi-page Table package (DPC)
\LTleft=\skip54
\LTright=\skip55
\LTpre=\skip56
\LTpost=\skip57
\LTchunksize=\count282
\LTcapwidth=\dimen163
\LT@head=\box57
\LT@firsthead=\box58
\LT@foot=\box59
\LT@lastfoot=\box60
\LT@gbox=\box61
\LT@cols=\count283
\LT@rows=\count284
\c@LT@tables=\count285
\c@LT@chunks=\count286
\LT@p@ftn=\toks27
)
(C:\Users\busin\AppData\Local\Programs\MiKTeX\tex/latex/enumitem\enumitem.sty
Package: enumitem 2019/06/20 v3.9 Customized lists
\labelindent=\skip58
\enit@outerparindent=\dimen164
\enit@toks=\toks28
\enit@inbox=\box62
\enit@count@id=\count287
\enitdp@description=\count288
)
(C:\Users\busin\AppData\Local\Programs\MiKTeX\tex/generic/tex4ht\tikz-hooks.4ht
version 2021-10-21-13:56
*****************************
TeX4ht info: Using dvisvgm4ht TikZ driver. Put \def \pgfsysdriver {driver-name}
 to your document before use of TikZ if you want to another driver. Use tikz+ o
ption if your TikZ pictures use patterns.
)
(C:\Users\busin\AppData\Local\Programs\MiKTeX\tex/latex/pgf/frontendlayer\tikz.
sty
(C:\Users\busin\AppData\Local\Programs\MiKTeX\tex/latex/pgf/basiclayer\pgf.sty
(C:\Users\busin\AppData\Local\Programs\MiKTeX\tex/latex/pgf/utilities\pgfrcs.st
y
(C:\Users\busin\AppData\Local\Programs\MiKTeX\tex/generic/pgf/utilities\pgfutil
-common.tex
\pgfutil@everybye=\toks29
\pgfutil@tempdima=\dimen165
\pgfutil@tempdimb=\dimen166
)
(C:\Users\busin\AppData\Local\Programs\MiKTeX\tex/generic/pgf/utilities\pgfutil
-latex.def
\pgfutil@abb=\box63
)
(C:\Users\busin\AppData\Local\Programs\MiKTeX\tex/generic/pgf/utilities\pgfrcs.
code.tex
(C:\Users\busin\AppData\Local\Programs\MiKTeX\tex/generic/pgf\pgf.revision.tex)
Package: pgfrcs 2023-01-15 v3.1.10 (3.1.10)
))
Package: pgf 2023-01-15 v3.1.10 (3.1.10)

(C:\Users\busin\AppData\Local\Programs\MiKTeX\tex/latex/pgf/basiclayer\pgfcore.
sty
(C:\Users\busin\AppData\Local\Programs\MiKTeX\tex/latex/pgf/systemlayer\pgfsys.
sty
(C:\Users\busin\AppData\Local\Programs\MiKTeX\tex/generic/pgf/systemlayer\pgfsy
s.code.tex
Package: pgfsys 2023-01-15 v3.1.10 (3.1.10)

(C:\Users\busin\AppData\Local\Programs\MiKTeX\tex/generic/pgf/utilities\pgfkeys
.code.tex
\pgfkeys@pathtoks=\toks30
\pgfkeys@temptoks=\toks31

(C:\Users\busin\AppData\Local\Programs\MiKTeX\tex/generic/pgf/utilities\pgfkeys
libraryfiltered.code.tex
\pgfkeys@tmptoks=\toks32
))
\pgf@x=\dimen167
\pgf@y=\dimen168
\pgf@xa=\dimen169
\pgf@ya=\dimen170
\pgf@xb=\dimen171
\pgf@yb=\dimen172
\pgf@xc=\dimen173
\pgf@yc=\dimen174
\pgf@xd=\dimen175
\pgf@yd=\dimen176
\w@pgf@writea=\write3
\r@pgf@reada=\read3
\c@pgf@counta=\count289
\c@pgf@countb=\count290
\c@pgf@countc=\count291
\c@pgf@countd=\count292
\t@pgf@toka=\toks33
\t@pgf@tokb=\toks34
\t@pgf@tokc=\toks35
\pgf@sys@id@count=\count293

(C:\Users\busin\AppData\Local\Programs\MiKTeX\tex/generic/pgf/systemlayer\pgf.c
fg
File: pgf.cfg 2023-01-15 v3.1.10 (3.1.10)
)
Driver file for pgf: pgfsys-dvisvgm4ht.def

(C:\Users\busin\AppData\Local\Programs\MiKTeX\tex/latex/webquiz\pgfsys-dvisvgm4
ht.def
(C:\Users\busin\AppData\Local\Programs\MiKTeX\tex/generic/pgf/systemlayer\pgfsy
s-dvips.def
File: pgfsys-dvips.def 2023-01-15 v3.1.10 (3.1.10)

(C:\Users\busin\AppData\Local\Programs\MiKTeX\tex/generic/pgf/systemlayer\pgfsy
s-common-postscript.def
File: pgfsys-common-postscript.def 2023-01-15 v3.1.10 (3.1.10)
\pgf@objectcount=\count294
))
\pgf@sys@svg@picnum=\count295
))
(C:\Users\busin\AppData\Local\Programs\MiKTeX\tex/generic/pgf/systemlayer\pgfsy
ssoftpath.code.tex
File: pgfsyssoftpath.code.tex 2023-01-15 v3.1.10 (3.1.10)
\pgfsyssoftpath@smallbuffer@items=\count296
\pgfsyssoftpath@bigbuffer@items=\count297
)
(C:\Users\busin\AppData\Local\Programs\MiKTeX\tex/generic/pgf/systemlayer\pgfsy
sprotocol.code.tex
File: pgfsysprotocol.code.tex 2023-01-15 v3.1.10 (3.1.10)
))
(C:\Users\busin\AppData\Local\Programs\MiKTeX\tex/generic/tex4ht\xcolor-hooks.4
ht
version 2020-10-17-13:53
) (C:\Users\busin\AppData\Local\Programs\MiKTeX\tex/latex/xcolor\xcolor.sty
Package: xcolor 2022/06/12 v2.14 LaTeX color extensions (UK)

(C:\Users\busin\AppData\Local\Programs\MiKTeX\tex/latex/graphics-cfg\color.cfg
File: color.cfg 2016/01/02 v1.6 sample color configuration
)
Package xcolor Info: Driver file: dvips.def on input line 227.
(C:\Users\busin\AppData\Local\Programs\MiKTeX\tex/latex/graphics\mathcolor.ltx)
Package xcolor Info: Model `cmy' substituted by `cmy0' on input line 1353.
Package xcolor Info: Model `RGB' extended on input line 1369.
Package xcolor Info: Model `HTML' substituted by `rgb' on input line 1371.
Package xcolor Info: Model `Hsb' substituted by `hsb' on input line 1372.
Package xcolor Info: Model `tHsb' substituted by `hsb' on input line 1373.
Package xcolor Info: Model `HSB' substituted by `hsb' on input line 1374.
Package xcolor Info: Model `Gray' substituted by `gray' on input line 1375.
Package xcolor Info: Model `wave' substituted by `hsb' on input line 1376.
)
(C:\Users\busin\AppData\Local\Programs\MiKTeX\tex/generic/pgf/basiclayer\pgfcor
e.code.tex
Package: pgfcore 2023-01-15 v3.1.10 (3.1.10)

(C:\Users\busin\AppData\Local\Programs\MiKTeX\tex/generic/pgf/math\pgfmath.code
.tex
(C:\Users\busin\AppData\Local\Programs\MiKTeX\tex/generic/pgf/math\pgfmathutil.
code.tex)
(C:\Users\busin\AppData\Local\Programs\MiKTeX\tex/generic/pgf/math\pgfmathparse
r.code.tex
\pgfmath@dimen=\dimen177
\pgfmath@count=\count298
\pgfmath@box=\box64
\pgfmath@toks=\toks36
\pgfmath@stack@operand=\toks37
\pgfmath@stack@operation=\toks38
)
(C:\Users\busin\AppData\Local\Programs\MiKTeX\tex/generic/pgf/math\pgfmathfunct
ions.code.tex)
(C:\Users\busin\AppData\Local\Programs\MiKTeX\tex/generic/pgf/math\pgfmathfunct
ions.basic.code.tex)
(C:\Users\busin\AppData\Local\Programs\MiKTeX\tex/generic/pgf/math\pgfmathfunct
ions.trigonometric.code.tex)
(C:\Users\busin\AppData\Local\Programs\MiKTeX\tex/generic/pgf/math\pgfmathfunct
ions.random.code.tex)
(C:\Users\busin\AppData\Local\Programs\MiKTeX\tex/generic/pgf/math\pgfmathfunct
ions.comparison.code.tex)
(C:\Users\busin\AppData\Local\Programs\MiKTeX\tex/generic/pgf/math\pgfmathfunct
ions.base.code.tex)
(C:\Users\busin\AppData\Local\Programs\MiKTeX\tex/generic/pgf/math\pgfmathfunct
ions.round.code.tex)
(C:\Users\busin\AppData\Local\Programs\MiKTeX\tex/generic/pgf/math\pgfmathfunct
ions.misc.code.tex)
(C:\Users\busin\AppData\Local\Programs\MiKTeX\tex/generic/pgf/math\pgfmathfunct
ions.integerarithmetics.code.tex)
(C:\Users\busin\AppData\Local\Programs\MiKTeX\tex/generic/pgf/math\pgfmathcalc.
code.tex)
(C:\Users\busin\AppData\Local\Programs\MiKTeX\tex/generic/pgf/math\pgfmathfloat
.code.tex
\c@pgfmathroundto@lastzeros=\count299
))
(C:\Users\busin\AppData\Local\Programs\MiKTeX\tex/generic/pgf/math\pgfint.code.
tex)
(C:\Users\busin\AppData\Local\Programs\MiKTeX\tex/generic/pgf/basiclayer\pgfcor
epoints.code.tex
File: pgfcorepoints.code.tex 2023-01-15 v3.1.10 (3.1.10)
\pgf@picminx=\dimen178
\pgf@picmaxx=\dimen179
\pgf@picminy=\dimen180
\pgf@picmaxy=\dimen181
\pgf@pathminx=\dimen182
\pgf@pathmaxx=\dimen183
\pgf@pathminy=\dimen184
\pgf@pathmaxy=\dimen185
\pgf@xx=\dimen186
\pgf@xy=\dimen187
\pgf@yx=\dimen188
\pgf@yy=\dimen189
\pgf@zx=\dimen190
\pgf@zy=\dimen191
)
(C:\Users\busin\AppData\Local\Programs\MiKTeX\tex/generic/pgf/basiclayer\pgfcor
epathconstruct.code.tex
File: pgfcorepathconstruct.code.tex 2023-01-15 v3.1.10 (3.1.10)
\pgf@path@lastx=\dimen192
\pgf@path@lasty=\dimen193
)
(C:\Users\busin\AppData\Local\Programs\MiKTeX\tex/generic/pgf/basiclayer\pgfcor
epathusage.code.tex
File: pgfcorepathusage.code.tex 2023-01-15 v3.1.10 (3.1.10)
\pgf@shorten@end@additional=\dimen194
\pgf@shorten@start@additional=\dimen195
)
(C:\Users\busin\AppData\Local\Programs\MiKTeX\tex/generic/pgf/basiclayer\pgfcor
escopes.code.tex
File: pgfcorescopes.code.tex 2023-01-15 v3.1.10 (3.1.10)
\pgfpic=\box65
\pgf@hbox=\box66
\pgf@layerbox@main=\box67
\pgf@picture@serial@count=\count300
)
(C:\Users\busin\AppData\Local\Programs\MiKTeX\tex/generic/pgf/basiclayer\pgfcor
egraphicstate.code.tex
File: pgfcoregraphicstate.code.tex 2023-01-15 v3.1.10 (3.1.10)
\pgflinewidth=\dimen196
)
(C:\Users\busin\AppData\Local\Programs\MiKTeX\tex/generic/pgf/basiclayer\pgfcor
etransformations.code.tex
File: pgfcoretransformations.code.tex 2023-01-15 v3.1.10 (3.1.10)
\pgf@pt@x=\dimen197
\pgf@pt@y=\dimen198
\pgf@pt@temp=\dimen199
)
(C:\Users\busin\AppData\Local\Programs\MiKTeX\tex/generic/pgf/basiclayer\pgfcor
equick.code.tex
File: pgfcorequick.code.tex 2023-01-15 v3.1.10 (3.1.10)
)
(C:\Users\busin\AppData\Local\Programs\MiKTeX\tex/generic/pgf/basiclayer\pgfcor
eobjects.code.tex
File: pgfcoreobjects.code.tex 2023-01-15 v3.1.10 (3.1.10)
)
(C:\Users\busin\AppData\Local\Programs\MiKTeX\tex/generic/pgf/basiclayer\pgfcor
epathprocessing.code.tex
File: pgfcorepathprocessing.code.tex 2023-01-15 v3.1.10 (3.1.10)
)
(C:\Users\busin\AppData\Local\Programs\MiKTeX\tex/generic/pgf/basiclayer\pgfcor
earrows.code.tex
File: pgfcorearrows.code.tex 2023-01-15 v3.1.10 (3.1.10)
\pgfarrowsep=\dimen256
)
(C:\Users\busin\AppData\Local\Programs\MiKTeX\tex/generic/pgf/basiclayer\pgfcor
eshade.code.tex
File: pgfcoreshade.code.tex 2023-01-15 v3.1.10 (3.1.10)
\pgf@max=\dimen257
\pgf@sys@shading@range@num=\count301
\pgf@shadingcount=\count302
)
(C:\Users\busin\AppData\Local\Programs\MiKTeX\tex/generic/pgf/basiclayer\pgfcor
eimage.code.tex
File: pgfcoreimage.code.tex 2023-01-15 v3.1.10 (3.1.10)
)
(C:\Users\busin\AppData\Local\Programs\MiKTeX\tex/generic/pgf/basiclayer\pgfcor
eexternal.code.tex
File: pgfcoreexternal.code.tex 2023-01-15 v3.1.10 (3.1.10)
\pgfexternal@startupbox=\box68
)
(C:\Users\busin\AppData\Local\Programs\MiKTeX\tex/generic/pgf/basiclayer\pgfcor
elayers.code.tex
File: pgfcorelayers.code.tex 2023-01-15 v3.1.10 (3.1.10)
)
(C:\Users\busin\AppData\Local\Programs\MiKTeX\tex/generic/pgf/basiclayer\pgfcor
etransparency.code.tex
File: pgfcoretransparency.code.tex 2023-01-15 v3.1.10 (3.1.10)
)
(C:\Users\busin\AppData\Local\Programs\MiKTeX\tex/generic/pgf/basiclayer\pgfcor
epatterns.code.tex
File: pgfcorepatterns.code.tex 2023-01-15 v3.1.10 (3.1.10)
)
(C:\Users\busin\AppData\Local\Programs\MiKTeX\tex/generic/pgf/basiclayer\pgfcor
erdf.code.tex
File: pgfcorerdf.code.tex 2023-01-15 v3.1.10 (3.1.10)
)))
(C:\Users\busin\AppData\Local\Programs\MiKTeX\tex/generic/pgf/modules\pgfmodule
shapes.code.tex
File: pgfmoduleshapes.code.tex 2023-01-15 v3.1.10 (3.1.10)
\pgfnodeparttextbox=\box69
)
(C:\Users\busin\AppData\Local\Programs\MiKTeX\tex/generic/pgf/modules\pgfmodule
plot.code.tex
File: pgfmoduleplot.code.tex 2023-01-15 v3.1.10 (3.1.10)
)
(C:\Users\busin\AppData\Local\Programs\MiKTeX\tex/latex/pgf/compatibility\pgfco
mp-version-0-65.sty
Package: pgfcomp-version-0-65 2023-01-15 v3.1.10 (3.1.10)
\pgf@nodesepstart=\dimen258
\pgf@nodesepend=\dimen259
)
(C:\Users\busin\AppData\Local\Programs\MiKTeX\tex/latex/pgf/compatibility\pgfco
mp-version-1-18.sty
Package: pgfcomp-version-1-18 2023-01-15 v3.1.10 (3.1.10)
))
(C:\Users\busin\AppData\Local\Programs\MiKTeX\tex/latex/pgf/utilities\pgffor.st
y
(C:\Users\busin\AppData\Local\Programs\MiKTeX\tex/latex/pgf/utilities\pgfkeys.s
ty
(C:\Users\busin\AppData\Local\Programs\MiKTeX\tex/generic/pgf/utilities\pgfkeys
.code.tex))
(C:\Users\busin\AppData\Local\Programs\MiKTeX\tex/latex/pgf/math\pgfmath.sty
(C:\Users\busin\AppData\Local\Programs\MiKTeX\tex/generic/pgf/math\pgfmath.code
.tex))
(C:\Users\busin\AppData\Local\Programs\MiKTeX\tex/generic/pgf/utilities\pgffor.
code.tex
Package: pgffor 2023-01-15 v3.1.10 (3.1.10)
\pgffor@iter=\dimen260
\pgffor@skip=\dimen261
\pgffor@stack=\toks39
\pgffor@toks=\toks40
))
(C:\Users\busin\AppData\Local\Programs\MiKTeX\tex/generic/pgf/frontendlayer/tik
z\tikz.code.tex
Package: tikz 2023-01-15 v3.1.10 (3.1.10)

(C:\Users\busin\AppData\Local\Programs\MiKTeX\tex/generic/pgf/libraries\pgflibr
aryplothandlers.code.tex
File: pgflibraryplothandlers.code.tex 2023-01-15 v3.1.10 (3.1.10)
\pgf@plot@mark@count=\count303
\pgfplotmarksize=\dimen262
)
\tikz@lastx=\dimen263
\tikz@lasty=\dimen264
\tikz@lastxsaved=\dimen265
\tikz@lastysaved=\dimen266
\tikz@lastmovetox=\dimen267
\tikz@lastmovetoy=\dimen268
\tikzleveldistance=\dimen269
\tikzsiblingdistance=\dimen270
\tikz@figbox=\box70
\tikz@figbox@bg=\box71
\tikz@tempbox=\box72
\tikz@tempbox@bg=\box73
\tikztreelevel=\count304
\tikznumberofchildren=\count305
\tikznumberofcurrentchild=\count306
\tikz@fig@count=\count307

(C:\Users\busin\AppData\Local\Programs\MiKTeX\tex/generic/pgf/modules\pgfmodule
matrix.code.tex
File: pgfmodulematrix.code.tex 2023-01-15 v3.1.10 (3.1.10)
\pgfmatrixcurrentrow=\count308
\pgfmatrixcurrentcolumn=\count309
\pgf@matrix@numberofcolumns=\count310
)
\tikz@expandcount=\count311

(C:\Users\busin\AppData\Local\Programs\MiKTeX\tex/generic/pgf/frontendlayer/tik
z/libraries\tikzlibrarytopaths.code.tex
File: tikzlibrarytopaths.code.tex 2023-01-15 v3.1.10 (3.1.10)
)))
(C:\Users\busin\AppData\Local\Programs\MiKTeX\tex/generic/pgf/frontendlayer/tik
z/libraries\tikzlibrarymindmap.code.tex
File: tikzlibrarymindmap.code.tex 2023-01-15 v3.1.10 (3.1.10)

(C:\Users\busin\AppData\Local\Programs\MiKTeX\tex/generic/pgf/frontendlayer/tik
z/libraries\tikzlibrarytrees.code.tex
File: tikzlibrarytrees.code.tex 2023-01-15 v3.1.10 (3.1.10)
)
(C:\Users\busin\AppData\Local\Programs\MiKTeX\tex/generic/pgf/frontendlayer/tik
z/libraries\tikzlibrarydecorations.code.tex
(C:\Users\busin\AppData\Local\Programs\MiKTeX\tex/generic/pgf/modules\pgfmodule
decorations.code.tex
\pgfdecoratedcompleteddistance=\dimen271
\pgfdecoratedremainingdistance=\dimen272
\pgfdecoratedinputsegmentcompleteddistance=\dimen273
\pgfdecoratedinputsegmentremainingdistance=\dimen274
\pgf@decorate@distancetomove=\dimen275
\pgf@decorate@repeatstate=\count312
\pgfdecorationsegmentamplitude=\dimen276
\pgfdecorationsegmentlength=\dimen277
)
\tikz@lib@dec@box=\box74
))
(C:\Users\busin\AppData\Local\Programs\MiKTeX\tex/generic/tex4ht\hyperref-hooks
.4ht
version 2022-02-22-13:25
)
(C:\Users\busin\AppData\Local\Programs\MiKTeX\tex/generic/tex4ht\imakeidx-hooks
.4ht
version 2020-10-17-13:53
)
(C:\Users\busin\AppData\Local\Programs\MiKTeX\tex/latex/imakeidx\imakeidx.sty
Package: imakeidx 2016/10/15 v1.3e Package for typesetting indices in a synchro
nous mode

(C:\Users\busin\AppData\Local\Programs\MiKTeX\tex/latex/xkeyval\xkeyval.sty
Package: xkeyval 2022/06/16 v2.9 package option processing (HA)

(C:\Users\busin\AppData\Local\Programs\MiKTeX\tex/generic/xkeyval\xkeyval.tex
(C:\Users\busin\AppData\Local\Programs\MiKTeX\tex/generic/xkeyval\xkvutils.tex
\XKV@toks=\toks41
\XKV@tempa@toks=\toks42
)
\XKV@depth=\count313
File: xkeyval.tex 2014/12/03 v2.7a key=value parser (HA)
)) (C:\Users\busin\AppData\Local\Programs\MiKTeX\tex/generic/iftex\ifxetex.sty
Package: ifxetex 2019/10/25 v0.7 ifxetex legacy package. Use iftex instead.
) (C:\Users\busin\AppData\Local\Programs\MiKTeX\tex/generic/iftex\ifluatex.sty
Package: ifluatex 2019/10/25 v1.5 ifluatex legacy package. Use iftex instead.
)
(C:\Users\busin\AppData\Local\Programs\MiKTeX\tex/latex/tools\multicol.sty
Package: multicol 2023/03/30 v1.9f multicolumn formatting (FMi)
\c@tracingmulticols=\count314
\mult@box=\box75
\multicol@leftmargin=\dimen278
\c@unbalance=\count315
\c@collectmore=\count316
\doublecol@number=\count317
\multicoltolerance=\count318
\multicolpretolerance=\count319
\full@width=\dimen279
\page@free=\dimen280
\premulticols=\dimen281
\postmulticols=\dimen282
\multicolsep=\skip59
\multicolbaselineskip=\skip60
\partial@page=\box76
\last@line=\box77
\mc@boxedresult=\box78
\maxbalancingoverflow=\dimen283
\mult@rightbox=\box79
\mult@grightbox=\box80
\mult@firstbox=\box81
\mult@gfirstbox=\box82
\@tempa=\box83
\@tempa=\box84
\@tempa=\box85
\@tempa=\box86
\@tempa=\box87
\@tempa=\box88
\@tempa=\box89
\@tempa=\box90
\@tempa=\box91
\@tempa=\box92
\@tempa=\box93
\@tempa=\box94
\@tempa=\box95
\@tempa=\box96
\@tempa=\box97
\@tempa=\box98
\@tempa=\box99
\@tempa=\box100
\@tempa=\box101
\@tempa=\box102
\@tempa=\box103
\@tempa=\box104
\@tempa=\box105
\@tempa=\box106
\@tempa=\box107
\@tempa=\box108
\@tempa=\box109
\@tempa=\box110
\@tempa=\box111
\@tempa=\box112
\@tempa=\box113
\@tempa=\box114
\@tempa=\box115
\@tempa=\box116
\@tempa=\box117
\@tempa=\box118
\c@minrows=\count320
\c@columnbadness=\count321
\c@finalcolumnbadness=\count322
\last@try=\dimen284
\multicolovershoot=\dimen285
\multicolundershoot=\dimen286
\mult@nat@firstbox=\box119
\colbreak@box=\box120
\mc@col@check@num=\count323
))
\Working_Doc@idxfile=\write4
\openout4 = `Working_Doc.idx'.


Writing index file Working_Doc.idx
(C:\Users\busin\AppData\Local\Programs\MiKTeX\tex/generic/tex4ht\tex4ht.4ht
version 2021-06-20-15:33
--------------------------------------
--- Note --- for additional information, use the command line option `info'
--------------------------------------

::::::::::::::::::::::::::::::::::::::::::
 TeX4ht info is available in the log file 
::::::::::::::::::::::::::::::::::::::::::
) (C:\Users\busin\AppData\Local\Programs\MiKTeX\tex/generic/tex4ht\tex4ht.sty
version 2021-09-14-14:11

l.855 --- TeX4ht warning --- nonprimitive \everypar ---
--- needs --- tex4ht Working_Doc ---
\tmp:cnt=\count324
\openout15 = `Working_Doc.tmp'.

(Working_Doc.tmp)
\tmp:dim=\skip61
--------------------------------------
--- Note --- for XML code, use the command line option `xml' or `xhtml'
--------------------------------------
 (Working_Doc.xref)
\:refout=\write5
\openout5 = `Working_Doc.xref'.


(C:\Users\busin\AppData\Local\Programs\MiKTeX\tex/generic/tex4ht\html4.4ht
version 2022-03-08-13:51
--------------------------------------
--- Note --- to remove the <?xml version=...?> processing instruction use the c
ommand line option `no-VERSION'
--------------------------------------
--------------------------------------
--- Note --- to remove the DOCTYPE declaration use the command line option `no-
DOCTYPE'
--------------------------------------
)
(C:\Users\busin\AppData\Local\Programs\MiKTeX\tex/generic/tex4ht\html4-math.4ht
version 2022-02-28-13:22
)
--------------------------------------
--- Note --- for marking of the base font, use the command line option `fonts+'

--------------------------------------
--------------------------------------
--- Note --- for non active _, use the command line option `no_'
--------------------------------------
--------------------------------------
--- Note --- for _ of catcode 13, use the command line option `_13'
--------------------------------------
--------------------------------------
--- Note --- for non active ^, use the command line option `no^'
--------------------------------------
--------------------------------------
--- Note --- for ^ of catcode 13, use the command line option `^13'
--------------------------------------
 (C:\Users\busin\AppData\Local\Programs\MiKTeX\tex/generic/tex4ht\html4.4ht
version 2022-03-08-13:51
--------------------------------------
--- Note --- for alternative charset, use the command line option `charset=...'

--------------------------------------
--------------------------------------
--- Note --- to ignore CSS font decoration, use the `NoFonts' command line opti
on
--------------------------------------
--------------------------------------
--- Note --- for jpg bitmaps of pictures, use the `jpg' command line option. (C
haracter bitmaps are controled only by `g' records of tex4ht.env and `-g' switc
hes of tex4ht.c) 
--------------------------------------
--------------------------------------
--- Note --- for gif bitmaps of pictures, use the `gif' command line option. (C
haracter bitmaps are controled only by `g' records of tex4ht.env and `-g' switc
hes of tex4ht.c) 
--------------------------------------
--------------------------------------
--- Note --- for content and toc in 2 frames, use the command line option `fram
es'
--------------------------------------
--------------------------------------
--- Note --- for content, toc, and footnotes in 3 frames, use the command line 
option `frames-fn'
--------------------------------------
--------------------------------------
--- Note --- for file extension name xht, use the command line option `xht'
--------------------------------------
TeX4ht package options: html
--------------------------------------
--- Note --- To print a timestamp, use the command line option timestamp
--------------------------------------
--------------------------------------
--- Note --- to ignore CSS code, use the command line option `-css
--------------------------------------
--------------------------------------
--- Note --- for inline CSS code, use the command line option `css-in'
--------------------------------------
--------------------------------------
--- Note --- for pop ups on mouse over, use the command line option `mouseover'

--------------------------------------
--------------------------------------
--- Note --- for addressing images in a subdirectory, use the command line opti
on `imgdir:.../'
--------------------------------------
)
(C:\Users\busin\AppData\Local\Programs\MiKTeX\tex/generic/tex4ht\html4-math.4ht
version 2022-02-28-13:22
)
\:tokwrite=\toks43
\:tokpage=\toks44
--------------------------------------
--- Note --- for back links to toc, use the command line option `sections+'
--------------------------------------
--------------------------------------
--- Note --- for linear crosslinks of pages, use the command line option `next'

--------------------------------------
\openout15 = `Working_Doc.4ct'.

\:tocout=\write6
\openout6 = `Working_Doc.4tc'.

 (C:\Users\busin\AppData\Local\Programs\MiKTeX\tex/generic/tex4ht\html4.4ht
version 2022-03-08-13:51
)
(C:\Users\busin\AppData\Local\Programs\MiKTeX\tex/generic/tex4ht\html4-math.4ht
version 2022-02-28-13:22
) (C:\Users\busin\AppData\Local\Programs\MiKTeX\tex/generic/tex4ht\latex.4ht
version 2022-02-01-14:27
LaTeX Info: Redefining \_ on input line 173.
LaTeX Info: Redefining \, on input line 792.
LaTeX Info: Redefining \; on input line 793.
LaTeX Info: Redefining \! on input line 794.
LaTeX Info: Redefining \: on input line 795.
LaTeX Info: Redefining \> on input line 796.
--------------------------------------
--- Note --- for links into captions, instead of float heads, use the command l
ine option `refcaption'
--------------------------------------

(C:\Users\busin\AppData\Local\Programs\MiKTeX\tex/generic/tex4ht\html4.4ht
version 2022-03-08-13:51
)
(C:\Users\busin\AppData\Local\Programs\MiKTeX\tex/generic/tex4ht\html4-math.4ht
version 2022-02-28-13:22
) (C:\Users\busin\AppData\Local\Programs\MiKTeX\tex/generic/tex4ht\html4.4ht
version 2022-03-08-13:51
--------------------------------------
--- Note --- For mini tocs immediately aftter the header use the command line o
ption `minitoc<'
--------------------------------------
--------------------------------------
--- Note --- for enumerated list elements with valued data, use the command lin
e option `enumerate+'
--------------------------------------
--------------------------------------
--- Note --- for enumerated list elements li's with value attributes, use the c
ommand line option `enumerate-'
--------------------------------------
--------------------------------------
--- Note --- for CSS2 code, use the command line option `css2'
--------------------------------------
--------------------------------------
--- Note --- for pictorial tabular, use the command line option `pic-tabular'
--------------------------------------
--------------------------------------
--- Note --- for bitmap fbox'es, use the command line option `pic-fbox'
--------------------------------------
--------------------------------------
--- Note --- for bitmap framebox'es, use the command line option `pic-framebox'

--------------------------------------
--------------------------------------
--- Note --- for inline footnotes use command line option `fn-in'
--------------------------------------
--------------------------------------
--- Note --- for tracing of latex font commands, use the command line option `f
onts'
--------------------------------------
--------------------------------------
--- Note --- for width specifications of tabular p entries, use the `p-width' c
ommand line option or a configuration similar to \Configure{HColWidth}{\HCode{ 
style="width:\HColWidth"}}
--------------------------------------
)
(C:\Users\busin\AppData\Local\Programs\MiKTeX\tex/generic/tex4ht\html4-math.4ht
version 2022-02-28-13:22
--------------------------------------
--- Note --- for pictorial eqnarray, use the command line option `pic-eqnarray'

--------------------------------------
--------------------------------------
--- Note --- for pictorial array, use the command line option `pic-array'
--------------------------------------
--------------------------------------
--- Note --- for pictorial $...$ environments, use the command line option `pic
-m' (not recommended!!)
--------------------------------------
--------------------------------------
--- Note --- for pictorial $...$ and $$...$$ environments with latex alt, use t
he command line option `pic-m+' (not safe!!)
--------------------------------------
--------------------------------------
--- Note --- for pictorial array, use the command line option `pic-array'
--------------------------------------
))
(C:\Users\busin\AppData\Local\Programs\MiKTeX\tex/generic/tex4ht\fontmath.4ht
version 2018-11-06-15:55

(C:\Users\busin\AppData\Local\Programs\MiKTeX\tex/generic/tex4ht\html4.4ht
version 2022-03-08-13:51
)
(C:\Users\busin\AppData\Local\Programs\MiKTeX\tex/generic/tex4ht\html4-math.4ht
version 2022-02-28-13:22
)) (C:\Users\busin\AppData\Local\Programs\MiKTeX\tex/generic/tex4ht\article.4ht
version 2022-02-22-13:25
(C:\Users\busin\AppData\Local\Programs\MiKTeX\tex/generic/tex4ht\html4.4ht
version 2022-03-08-13:51
--------------------------------------
--- Note --- for automatic sectioning pagination, use the command line option `
1', `2', `3', '4', '5', '6', or '7'
--------------------------------------
--------------------------------------
--- Note --- for files named derived from section titles, use the command line 
option `sec-filename'
--------------------------------------
--------------------------------------
--- Note --- for i-columns index, use the command line option `index=i' (e.g., 
index=2)
--------------------------------------
)
(C:\Users\busin\AppData\Local\Programs\MiKTeX\tex/generic/tex4ht\html4-math.4ht
version 2022-02-28-13:22
))
(C:\Users\busin\AppData\Local\Programs\MiKTeX\tex/generic/tex4ht\listings.4ht
version 2022-02-16-13:57

(C:\Users\busin\AppData\Local\Programs\MiKTeX\tex/generic/tex4ht\html4.4ht
version 2022-03-08-13:51
--------------------------------------
--- Note --- to ensure proper alignments use fixed size fonts (see listings.dtx
)
--------------------------------------
)
(C:\Users\busin\AppData\Local\Programs\MiKTeX\tex/generic/tex4ht\html4-math.4ht
version 2022-02-28-13:22
)) (C:\Users\busin\AppData\Local\Programs\MiKTeX\tex/generic/tex4ht\array.4ht
version 2009-05-21-09:32

(C:\Users\busin\AppData\Local\Programs\MiKTeX\tex/generic/tex4ht\html4.4ht
version 2022-03-08-13:51
)
(C:\Users\busin\AppData\Local\Programs\MiKTeX\tex/generic/tex4ht\html4-math.4ht
version 2022-02-28-13:22
--------------------------------------
--- Note --- for pictorial array, use the command line option `pic-array'
--------------------------------------
))
(C:\Users\busin\AppData\Local\Programs\MiKTeX\tex/generic/tex4ht\graphicx.4ht
version 2022-01-12-13:53

(C:\Users\busin\AppData\Local\Programs\MiKTeX\tex/generic/tex4ht\html4.4ht
version 2022-03-08-13:51
)
(C:\Users\busin\AppData\Local\Programs\MiKTeX\tex/generic/tex4ht\html4-math.4ht
version 2022-02-28-13:22
))
(C:\Users\busin\AppData\Local\Programs\MiKTeX\tex/generic/tex4ht\graphics.4ht
version 2021-08-12-13:49

(C:\Users\busin\AppData\Local\Programs\MiKTeX\tex/generic/tex4ht\html4.4ht
version 2022-03-08-13:51
--------------------------------------
--- Note --- if included graphics are of degraded quality, try the command line
 options `graphics-num' or `graphics-'. The `num' should provide the density of
 pixels in the bitmaps (e.g., 110). 
--------------------------------------
--------------------------------------
--- Note --- for key dimensions try the option `Gin-dim'; for key dimensions wh
en bounding box is unavailable try `Gin-dim+'; neither is recommended
--------------------------------------
)
(C:\Users\busin\AppData\Local\Programs\MiKTeX\tex/generic/tex4ht\html4-math.4ht
version 2022-02-28-13:22
)) (C:\Users\busin\AppData\Local\Programs\MiKTeX\tex/generic/tex4ht\dvips.4ht
version 2009-05-21-09:32

(C:\Users\busin\AppData\Local\Programs\MiKTeX\tex/generic/tex4ht\html4.4ht
version 2022-03-08-13:51
)
(C:\Users\busin\AppData\Local\Programs\MiKTeX\tex/generic/tex4ht\html4-math.4ht
version 2022-02-28-13:22
))
(C:\Users\busin\AppData\Local\Programs\MiKTeX\tex/generic/tex4ht\geometry.4ht
version 2016-07-01-08:55

(C:\Users\busin\AppData\Local\Programs\MiKTeX\tex/generic/tex4ht\html4.4ht
version 2022-03-08-13:51
)
(C:\Users\busin\AppData\Local\Programs\MiKTeX\tex/generic/tex4ht\html4-math.4ht
version 2022-02-28-13:22
))
(C:\Users\busin\AppData\Local\Programs\MiKTeX\tex/generic/tex4ht\multirow.4ht
version 2021-06-20-09:36

(C:\Users\busin\AppData\Local\Programs\MiKTeX\tex/generic/tex4ht\html4.4ht
version 2022-03-08-13:51
)
(C:\Users\busin\AppData\Local\Programs\MiKTeX\tex/generic/tex4ht\html4-math.4ht
version 2022-02-28-13:22
))
(C:\Users\busin\AppData\Local\Programs\MiKTeX\tex/generic/tex4ht\hyperref.4ht
version 2021-05-16-13:57
LaTeX Info: Redefining \autoref on input line 88.
\Hy@SectionHShift=\skip62

(C:\Users\busin\AppData\Local\Programs\MiKTeX\tex/generic/tex4ht\html4.4ht
version 2022-03-08-13:51
)
(C:\Users\busin\AppData\Local\Programs\MiKTeX\tex/generic/tex4ht\html4-math.4ht
version 2022-02-28-13:22
)) (C:\Users\busin\AppData\Local\Programs\MiKTeX\tex/generic/tex4ht\nameref.4ht
version 2021-02-03-14:57
(C:\Users\busin\AppData\Local\Programs\MiKTeX\tex/generic/tex4ht\html4.4ht
version 2022-03-08-13:51
)
(C:\Users\busin\AppData\Local\Programs\MiKTeX\tex/generic/tex4ht\html4-math.4ht
version 2022-02-28-13:22
)) (C:\Users\busin\AppData\Local\Programs\MiKTeX\tex/generic/tex4ht\pd1enc.4ht
version 2009-05-21-09:32

(C:\Users\busin\AppData\Local\Programs\MiKTeX\tex/generic/tex4ht\html4.4ht
version 2022-03-08-13:51
)
(C:\Users\busin\AppData\Local\Programs\MiKTeX\tex/generic/tex4ht\html4-math.4ht
version 2022-02-28-13:22
)) (C:\Users\busin\AppData\Local\Programs\MiKTeX\tex/generic/tex4ht\url.4ht
version 2022-01-02-14:32

(C:\Users\busin\AppData\Local\Programs\MiKTeX\tex/generic/tex4ht\html4.4ht
version 2022-03-08-13:51
--------------------------------------
--- Note --- for URL encoding within href use the command line option `url-enc'

--------------------------------------
)
(C:\Users\busin\AppData\Local\Programs\MiKTeX\tex/generic/tex4ht\html4-math.4ht
version 2022-02-28-13:22
))
(C:\Users\busin\AppData\Local\Programs\MiKTeX\tex/generic/tex4ht\inputenc.4ht
version 2009-05-21-09:32

(C:\Users\busin\AppData\Local\Programs\MiKTeX\tex/generic/tex4ht\html4.4ht
version 2022-03-08-13:51
)
(C:\Users\busin\AppData\Local\Programs\MiKTeX\tex/generic/tex4ht\html4-math.4ht
version 2022-02-28-13:22
)) (C:\Users\busin\AppData\Local\Programs\MiKTeX\tex/generic/tex4ht\babel.4ht
version 2021-05-16-09:21

(C:\Users\busin\AppData\Local\Programs\MiKTeX\tex/generic/tex4ht\html4.4ht
version 2022-03-08-13:51
)
(C:\Users\busin\AppData\Local\Programs\MiKTeX\tex/generic/tex4ht\html4-math.4ht
version 2022-02-28-13:22
)) (C:\Users\busin\AppData\Local\Programs\MiKTeX\tex/generic/tex4ht\english.4ht
version 2009-05-21-09:32
(C:\Users\busin\AppData\Local\Programs\MiKTeX\tex/generic/tex4ht\html4.4ht
version 2022-03-08-13:51
)
(C:\Users\busin\AppData\Local\Programs\MiKTeX\tex/generic/tex4ht\html4-math.4ht
version 2022-02-28-13:22
)) (C:\Users\busin\AppData\Local\Programs\MiKTeX\tex/generic/tex4ht\float.4ht
version 2009-05-21-09:32

(C:\Users\busin\AppData\Local\Programs\MiKTeX\tex/generic/tex4ht\html4.4ht
version 2022-03-08-13:51
)
(C:\Users\busin\AppData\Local\Programs\MiKTeX\tex/generic/tex4ht\html4-math.4ht
version 2022-02-28-13:22
))
(C:\Users\busin\AppData\Local\Programs\MiKTeX\tex/generic/tex4ht\longtable.4ht
version 2021-09-26-14:15
\LT:box=\box121
\LT:ebox=\box122
\tmp:bx=\box123

(C:\Users\busin\AppData\Local\Programs\MiKTeX\tex/generic/tex4ht\html4.4ht
version 2022-03-08-13:51
--------------------------------------
--- Note --- for pictorial longtable, use the command line option `pic-longtabl
e'
--------------------------------------
)
(C:\Users\busin\AppData\Local\Programs\MiKTeX\tex/generic/tex4ht\html4-math.4ht
version 2022-02-28-13:22
))
(C:\Users\busin\AppData\Local\Programs\MiKTeX\tex/generic/tex4ht\enumitem.4ht
version 2009-05-21-09:32

(C:\Users\busin\AppData\Local\Programs\MiKTeX\tex/generic/tex4ht\html4.4ht
version 2022-03-08-13:51
)
(C:\Users\busin\AppData\Local\Programs\MiKTeX\tex/generic/tex4ht\html4-math.4ht
version 2022-02-28-13:22
)) (C:\Users\busin\AppData\Local\Programs\MiKTeX\tex/generic/tex4ht\pgf.4ht
version 2009-05-21-09:32

(C:\Users\busin\AppData\Local\Programs\MiKTeX\tex/generic/tex4ht\html4.4ht
version 2022-03-08-13:51
)
(C:\Users\busin\AppData\Local\Programs\MiKTeX\tex/generic/tex4ht\html4-math.4ht
version 2022-02-28-13:22
)) (C:\Users\busin\AppData\Local\Programs\MiKTeX\tex/generic/tex4ht\xcolor.4ht
version 2019-04-09-10:06

(C:\Users\busin\AppData\Local\Programs\MiKTeX\tex/generic/tex4ht\color.4ht
version 2022-02-01-14:27

(C:\Users\busin\AppData\Local\Programs\MiKTeX\tex/generic/tex4ht\html4.4ht
version 2022-03-08-13:51
)
(C:\Users\busin\AppData\Local\Programs\MiKTeX\tex/generic/tex4ht\html4-math.4ht
version 2022-02-28-13:22
)) (C:\Users\busin\AppData\Local\Programs\MiKTeX\tex/generic/tex4ht\html4.4ht
version 2022-03-08-13:51
)
(C:\Users\busin\AppData\Local\Programs\MiKTeX\tex/generic/tex4ht\html4-math.4ht
version 2022-02-28-13:22
)) (C:\Users\busin\AppData\Local\Programs\MiKTeX\tex/generic/tex4ht\color.4ht
version 2022-02-01-14:27
)
(C:\Users\busin\AppData\Local\Programs\MiKTeX\tex/generic/tex4ht\imakeidx.4ht
version 2020-05-18-13:31

(C:\Users\busin\AppData\Local\Programs\MiKTeX\tex/generic/tex4ht\html4.4ht
version 2022-03-08-13:51
)
(C:\Users\busin\AppData\Local\Programs\MiKTeX\tex/generic/tex4ht\html4-math.4ht
version 2022-02-28-13:22
))
(C:\Users\busin\AppData\Local\Programs\MiKTeX\tex/generic/tex4ht\multicol.4ht
version 2021-06-20-09:36

(C:\Users\busin\AppData\Local\Programs\MiKTeX\tex/generic/tex4ht\html4.4ht
version 2022-03-08-13:51
)
(C:\Users\busin\AppData\Local\Programs\MiKTeX\tex/generic/tex4ht\html4-math.4ht
version 2022-02-28-13:22
)) (C:\Users\busin\AppData\Local\Programs\MiKTeX\tex/generic/tex4ht\html4.4ht
version 2022-03-08-13:51
)
(C:\Users\busin\AppData\Local\Programs\MiKTeX\tex/generic/tex4ht\html4-math.4ht
version 2022-02-28-13:22
))
(C:\Users\busin\AppData\Local\Programs\MiKTeX\tex/latex/l3backend\l3backend-dvi
ps.def
File: l3backend-dvips.def 2023-04-19 L3 backend support: dvips
\l__pdf_internal_box=\box124
\g__pdf_backend_object_int=\count325
\l__pdf_backend_content_box=\box125
\l__pdf_backend_model_box=\box126
\g__pdf_backend_annotation_int=\count326
\g__pdf_backend_link_int=\count327
\g__pdf_backend_link_sf_int=\count328
) (Working_Doc.aux)
\openout1 = `Working_Doc.aux'.

LaTeX Font Info:    Checking defaults for OML/cmm/m/it on input line 36.
LaTeX Font Info:    ... okay on input line 36.
LaTeX Font Info:    Checking defaults for OMS/cmsy/m/n on input line 36.
LaTeX Font Info:    ... okay on input line 36.
LaTeX Font Info:    Checking defaults for OT1/cmr/m/n on input line 36.
LaTeX Font Info:    ... okay on input line 36.
LaTeX Font Info:    Checking defaults for T1/cmr/m/n on input line 36.
LaTeX Font Info:    ... okay on input line 36.
LaTeX Font Info:    Checking defaults for TS1/cmr/m/n on input line 36.
LaTeX Font Info:    ... okay on input line 36.
LaTeX Font Info:    Checking defaults for OMX/cmex/m/n on input line 36.
LaTeX Font Info:    ... okay on input line 36.
LaTeX Font Info:    Checking defaults for U/cmr/m/n on input line 36.
LaTeX Font Info:    ... okay on input line 36.
LaTeX Font Info:    Checking defaults for PD1/pdf/m/n on input line 36.
LaTeX Font Info:    ... okay on input line 36.
LaTeX Font Info:    Checking defaults for PU/pdf/m/n on input line 36.
LaTeX Font Info:    ... okay on input line 36.
\c@lstlisting=\count329

*geometry* driver: auto-detecting
*geometry* detected driver: dvips
*geometry* verbose mode - [ preamble ] result:
* driver: dvips
* paper: a4paper
* layout: <same size as paper>
* layoutoffset:(h,v)=(0.0pt,0.0pt)
* modes: 
* h-part:(L,W,R)=(72.26999pt, 452.9679pt, 72.26999pt)
* v-part:(T,H,B)=(72.26999pt, 700.50687pt, 72.26999pt)
* \paperwidth=597.50787pt
* \paperheight=845.04684pt
* \textwidth=452.9679pt
* \textheight=700.50687pt
* \oddsidemargin=0.0pt
* \evensidemargin=0.0pt
* \topmargin=-37.0pt
* \headheight=12.0pt
* \headsep=25.0pt
* \topskip=12.0pt
* \footskip=30.0pt
* \marginparwidth=44.0pt
* \marginparsep=10.0pt
* \columnsep=10.0pt
* \skip\footins=10.8pt plus 4.0pt minus 2.0pt
* \hoffset=0.0pt
* \voffset=0.0pt
* \mag=1000
* \@twocolumnfalse
* \@twosidefalse
* \@mparswitchfalse
* \@reversemarginfalse
* (1in=72.27pt=25.4mm, 1cm=28.453pt)

Package hyperref Info: Link coloring ON on input line 36.
--- file Working_Doc.css ---
l.43 --- TeX4ht warning --- File `"Images/iitd_logo.xbb"' not found ---
l.43 --- TeX4ht warning --- Cannot determine size of graphic in "Images/iitd_lo
go.xbb" (no BoundingBox) ---
l. 43 --- needs --- Images/iitd_logo.png ---
[1

] (Working_Doc.4ct) [2] (Pages/Members.tex [3] [4]) (Working_Doc.4ct)
(Working_Doc.4ct) [5] [6] [7

]
l. 77 Writing Working_Doc.idv[1] (Working_Doc0x.svg)
 [8

] [9

]
l.124 --- TeX4ht warning --- File `"Images/Gantt Chart (1)_1.xbb"' not found --
-
l.124 --- TeX4ht warning --- Cannot determine size of graphic in "Images/Gantt 
Chart (1)_1.xbb" (no BoundingBox) ---
l. 124 --- needs --- Images/Gantt Chart (1)_1.jpg ---
l.134 --- TeX4ht warning --- File `"Images/NetworkChart_1.xbb"' not found ---
l.134 --- TeX4ht warning --- Cannot determine size of graphic in "Images/Networ
kChart_1.xbb" (no BoundingBox) ---
l. 134 --- needs --- Images/NetworkChart_1.jpg ---
l.144 --- TeX4ht warning --- File `"Images/RBS_1.xbb"' not found ---
l.144 --- TeX4ht warning --- Cannot determine size of graphic in "Images/RBS_1.
xbb" (no BoundingBox) ---
l. 144 --- needs --- Images/RBS_1.jpg ---
[10]
l.154 --- TeX4ht warning --- File `"Images/WBS_1.xbb"' not found ---
l.154 --- TeX4ht warning --- Cannot determine size of graphic in "Images/WBS_1.
xbb" (no BoundingBox) ---
l. 154 --- needs --- Images/WBS_1.jpg ---
(Pages/Requirements.tex [11]
LaTeX Font Info:    External font `cmex10' loaded for size
(Font)              <12> on input line 10.
LaTeX Font Info:    External font `cmex10' loaded for size
(Font)              <8> on input line 10.
LaTeX Font Info:    External font `cmex10' loaded for size
(Font)              <6> on input line 10.
 [12] [13] [14]) [15] [16] [17

] [18

] [19

]
(Working_Doc.aux)
 ***********
LaTeX2e <2023-06-01> patch level 1
L3 programming layer <2023-08-29>
 ***********
 ) 
Here is how much of TeX's memory you used:
 27662 strings out of 475248
 504351 string characters out of 5757818
 2046782 words of memory out of 5000000
 48600 multiletter control sequences out of 15000+600000
 564401 words of font info for 57 fonts, out of 8000000 for 9000
 1141 hyphenation exceptions out of 8191
 94i,10n,117p,1577b,1406s stack positions out of 10000i,1000n,20000p,200000b,200000s

Output written on Working_Doc.dvi (19 pages, 204872 bytes).
